# JRE version: Java(TM) SE Runtime Environment (8.0_121-b13) (build 1.8.0_121-b13)
# Java VM: Java HotSpot(TM) 64-Bit Server VM (25.121-b13 mixed mode windows-amd64 compressed oops)
Heap:
 PSYoungGen      total 123392K, used 94926K [0x00000000d5f00000, 0x00000000dee00000, 0x0000000100000000)
  eden space 110592K, 74% used [0x00000000d5f00000,0x00000000daf39f68,0x00000000dcb00000)
  from space 12800K, 99% used [0x00000000dcb00000,0x00000000dd779b38,0x00000000dd780000)
  to   space 12800K, 0% used [0x00000000dd780000,0x00000000dd780000,0x00000000de400000)
 ParOldGen       total 67584K, used 13718K [0x0000000081c00000, 0x0000000085e00000, 0x00000000d5f00000)
  object space 67584K, 20% used [0x0000000081c00000,0x0000000082965ac8,0x0000000085e00000)
 Metaspace       used 50960K, capacity 53914K, committed 54144K, reserved 1095680K
  class space    used 7021K, capacity 7755K, committed 7808K, reserved 1048576K
GC Heap History (10 events):
Event: 13.911 GC heap before
{Heap before GC invocations=5 (full 1):
 PSYoungGen      total 38400K, used 33280K [0x00000000d5f00000, 0x00000000daa00000, 0x0000000100000000)
  eden space 33280K, 100% used [0x00000000d5f00000,0x00000000d7f80000,0x00000000d7f80000)
  from space 5120K, 0% used [0x00000000d7f80000,0x00000000d7f80000,0x00000000d8480000)
  to   space 5120K, 0% used [0x00000000da500000,0x00000000da500000,0x00000000daa00000)
 ParOldGen       total 56832K, used 11366K [0x0000000081c00000, 0x0000000085380000, 0x00000000d5f00000)
  object space 56832K, 20% used [0x0000000081c00000,0x0000000082719a40,0x0000000085380000)
 Metaspace       used 25427K, capacity 27058K, committed 27264K, reserved 1073152K
  class space    used 3072K, capacity 3644K, committed 3712K, reserved 1048576K
Event: 13.918 GC heap after
Heap after GC invocations=5 (full 1):
 PSYoungGen      total 66560K, used 5111K [0x00000000d5f00000, 0x00000000daa00000, 0x0000000100000000)
  eden space 61440K, 0% used [0x00000000d5f00000,0x00000000d5f00000,0x00000000d9b00000)
  from space 5120K, 99% used [0x00000000da500000,0x00000000da9fdc10,0x00000000daa00000)
  to   space 5120K, 0% used [0x00000000da000000,0x00000000da000000,0x00000000da500000)
 ParOldGen       total 56832K, used 12277K [0x0000000081c00000, 0x0000000085380000, 0x00000000d5f00000)
  object space 56832K, 21% used [0x0000000081c00000,0x00000000827fd6a0,0x0000000085380000)
 Metaspace       used 25427K, capacity 27058K, committed 27264K, reserved 1073152K
  class space    used 3072K, capacity 3644K, committed 3712K, reserved 1048576K
}
Event: 16.537 GC heap before
{Heap before GC invocations=6 (full 1):
 PSYoungGen      total 66560K, used 66551K [0x00000000d5f00000, 0x00000000daa00000, 0x0000000100000000)
  eden space 61440K, 100% used [0x00000000d5f00000,0x00000000d9b00000,0x00000000d9b00000)
  from space 5120K, 99% used [0x00000000da500000,0x00000000da9fdc10,0x00000000daa00000)
  to   space 5120K, 0% used [0x00000000da000000,0x00000000da000000,0x00000000da500000)
 ParOldGen       total 56832K, used 12277K [0x0000000081c00000, 0x0000000085380000, 0x00000000d5f00000)
  object space 56832K, 21% used [0x0000000081c00000,0x00000000827fd6a0,0x0000000085380000)
 Metaspace       used 32011K, capacity 33760K, committed 34048K, reserved 1079296K
  class space    used 4066K, capacity 4561K, committed 4608K, reserved 1048576K
Event: 16.552 GC heap after
Heap after GC invocations=6 (full 1):
 PSYoungGen      total 71680K, used 5091K [0x00000000d5f00000, 0x00000000de400000, 0x0000000100000000)
  eden space 66560K, 0% used [0x00000000d5f00000,0x00000000d5f00000,0x00000000da000000)
  from space 5120K, 99% used [0x00000000da000000,0x00000000da4f8c00,0x00000000da500000)
  to   space 12800K, 0% used [0x00000000dd780000,0x00000000dd780000,0x00000000de400000)
 ParOldGen       total 56832K, used 17011K [0x0000000081c00000, 0x0000000085380000, 0x00000000d5f00000)
  object space 56832K, 29% used [0x0000000081c00000,0x0000000082c9cd48,0x0000000085380000)
 Metaspace       used 32011K, capacity 33760K, committed 34048K, reserved 1079296K
  class space    used 4066K, capacity 4561K, committed 4608K, reserved 1048576K
}
Event: 16.870 GC heap before
{Heap before GC invocations=7 (full 1):
 PSYoungGen      total 71680K, used 22085K [0x00000000d5f00000, 0x00000000de400000, 0x0000000100000000)
  eden space 66560K, 25% used [0x00000000d5f00000,0x00000000d6f98838,0x00000000da000000)
  from space 5120K, 99% used [0x00000000da000000,0x00000000da4f8c00,0x00000000da500000)
  to   space 12800K, 0% used [0x00000000dd780000,0x00000000dd780000,0x00000000de400000)
 ParOldGen       total 56832K, used 17011K [0x0000000081c00000, 0x0000000085380000, 0x00000000d5f00000)
  object space 56832K, 29% used [0x0000000081c00000,0x0000000082c9cd48,0x0000000085380000)
 Metaspace       used 33791K, capacity 35398K, committed 35496K, reserved 1079296K
  class space    used 4366K, capacity 4834K, committed 4864K, reserved 1048576K
Event: 16.879 GC heap after
Heap after GC invocations=7 (full 1):
 PSYoungGen      total 123392K, used 6119K [0x00000000d5f00000, 0x00000000dee00000, 0x0000000100000000)
  eden space 110592K, 0% used [0x00000000d5f00000,0x00000000d5f00000,0x00000000dcb00000)
  from space 12800K, 47% used [0x00000000dd780000,0x00000000ddd79e68,0x00000000de400000)
  to   space 12800K, 0% used [0x00000000dcb00000,0x00000000dcb00000,0x00000000dd780000)
 ParOldGen       total 56832K, used 17147K [0x0000000081c00000, 0x0000000085380000, 0x00000000d5f00000)
  object space 56832K, 30% used [0x0000000081c00000,0x0000000082cbed58,0x0000000085380000)
 Metaspace       used 33791K, capacity 35398K, committed 35496K, reserved 1079296K
  class space    used 4366K, capacity 4834K, committed 4864K, reserved 1048576K
}
Event: 16.879 GC heap before
{Heap before GC invocations=8 (full 2):
 PSYoungGen      total 123392K, used 6119K [0x00000000d5f00000, 0x00000000dee00000, 0x0000000100000000)
  eden space 110592K, 0% used [0x00000000d5f00000,0x00000000d5f00000,0x00000000dcb00000)
  from space 12800K, 47% used [0x00000000dd780000,0x00000000ddd79e68,0x00000000de400000)
  to   space 12800K, 0% used [0x00000000dcb00000,0x00000000dcb00000,0x00000000dd780000)
 ParOldGen       total 56832K, used 17147K [0x0000000081c00000, 0x0000000085380000, 0x00000000d5f00000)
  object space 56832K, 30% used [0x0000000081c00000,0x0000000082cbed58,0x0000000085380000)
 Metaspace       used 33791K, capacity 35398K, committed 35496K, reserved 1079296K
  class space    used 4366K, capacity 4834K, committed 4864K, reserved 1048576K
Event: 16.932 GC heap after
Heap after GC invocations=8 (full 2):
 PSYoungGen      total 123392K, used 0K [0x00000000d5f00000, 0x00000000dee00000, 0x0000000100000000)
  eden space 110592K, 0% used [0x00000000d5f00000,0x00000000d5f00000,0x00000000dcb00000)
  from space 12800K, 0% used [0x00000000dd780000,0x00000000dd780000,0x00000000de400000)
  to   space 12800K, 0% used [0x00000000dcb00000,0x00000000dcb00000,0x00000000dd780000)
 ParOldGen       total 67584K, used 13037K [0x0000000081c00000, 0x0000000085e00000, 0x00000000d5f00000)
  object space 67584K, 19% used [0x0000000081c00000,0x00000000828bb610,0x0000000085e00000)
 Metaspace       used 33791K, capacity 35398K, committed 35496K, reserved 1079296K
  class space    used 4366K, capacity 4834K, committed 4864K, reserved 1048576K
}
Event: 19.203 GC heap before
{Heap before GC invocations=9 (full 2):
 PSYoungGen      total 123392K, used 110592K [0x00000000d5f00000, 0x00000000dee00000, 0x0000000100000000)
  eden space 110592K, 100% used [0x00000000d5f00000,0x00000000dcb00000,0x00000000dcb00000)
  from space 12800K, 0% used [0x00000000dd780000,0x00000000dd780000,0x00000000de400000)
  to   space 12800K, 0% used [0x00000000dcb00000,0x00000000dcb00000,0x00000000dd780000)
 ParOldGen       total 67584K, used 13037K [0x0000000081c00000, 0x0000000085e00000, 0x00000000d5f00000)
  object space 67584K, 19% used [0x0000000081c00000,0x00000000828bb610,0x0000000085e00000)
 Metaspace       used 44474K, capacity 46384K, committed 46720K, reserved 1089536K
  class space    used 6109K, capacity 6660K, committed 6784K, reserved 1048576K
Event: 19.260 GC heap after
Heap after GC invocations=9 (full 2):
 PSYoungGen      total 123392K, used 12774K [0x00000000d5f00000, 0x00000000dee00000, 0x0000000100000000)
  eden space 110592K, 0% used [0x00000000d5f00000,0x00000000d5f00000,0x00000000dcb00000)
  from space 12800K, 99% used [0x00000000dcb00000,0x00000000dd779b38,0x00000000dd780000)
  to   space 12800K, 0% used [0x00000000dd780000,0x00000000dd780000,0x00000000de400000)
 ParOldGen       total 67584K, used 13718K [0x0000000081c00000, 0x0000000085e00000, 0x00000000d5f00000)
  object space 67584K, 20% used [0x0000000081c00000,0x0000000082965ac8,0x0000000085e00000)
 Metaspace       used 44474K, capacity 46384K, committed 46720K, reserved 1089536K
  class space    used 6109K, capacity 6660K, committed 6784K, reserved 1048576K
}

